  MakeMeCompileMain.cpp
e:\drive\self work\shabaks challanges\shabacks shit\shit\makemecompile\common.h(3): warning C4005: 'RuntimeLibrary': macro redefinition
  e:\drive\self work\shabaks challanges\shabacks shit\shit\makemecompile\common.h(3): note: command-line arguments:  see previous definition of 'RuntimeLibrary'
e:\program files (x86)\microsoft visual studio\2017\enterprise\vc\tools\msvc\14.11.25503\include\xmemory0(856): warning C4244: 'initializing': conversion from 'short' to 'char', possible loss of data
  e:\program files (x86)\microsoft visual studio\2017\enterprise\vc\tools\msvc\14.11.25503\include\vector(958): note: see reference to function template instantiation 'void std::_Default_allocator_traits<_Alloc>::construct<_Ty,short&>(_Alloc &,_Objty *const ,short &)' being compiled
          with
          [
              _Alloc=std::allocator<char>,
              _Ty=char,
              _Objty=char
          ]
  e:\program files (x86)\microsoft visual studio\2017\enterprise\vc\tools\msvc\14.11.25503\include\vector(958): note: see reference to function template instantiation 'void std::_Default_allocator_traits<_Alloc>::construct<_Ty,short&>(_Alloc &,_Objty *const ,short &)' being compiled
          with
          [
              _Alloc=std::allocator<char>,
              _Ty=char,
              _Objty=char
          ]
  e:\drive\self work\shabaks challanges\shabacks shit\shit\makemecompile\makemecompilemain.cpp(36): note: see reference to function template instantiation 'void std::vector<char,std::allocator<char>>::emplace_back<short&>(short &)' being compiled
  Encryption.cpp
e:\drive\self work\shabaks challanges\shabacks shit\shit\makemecompile\common.h(3): warning C4005: 'RuntimeLibrary': macro redefinition
  e:\drive\self work\shabaks challanges\shabacks shit\shit\makemecompile\common.h(3): note: command-line arguments:  see previous definition of 'RuntimeLibrary'
  Generating Code...
  TopSecretLibDebug.lib(TopSecretLib.obj) : MSIL .netmodule or module compiled with /GL found; restarting link with /LTCG; add /LTCG to the link command line to improve linker performance
LINK : warning LNK4075: ignoring '/INCREMENTAL' due to '/LTCG' specification
LINK : warning LNK4098: defaultlib 'LIBCMT' conflicts with use of other libs; use /NODEFAULTLIB:library
  Generating code
  Finished generating code
  MakeMeCompile.vcxproj -> E:\Drive\self work\shabaks challanges\shabacks shit\shit\MakeMeCompile\Debug\MakeMeCompile.exe
