c:\users\chaosruler\desktop\shit\makemecompile\debug\vc141.pdb
c:\users\chaosruler\desktop\shit\makemecompile\debug\vc141.idb
c:\users\chaosruler\desktop\shit\makemecompile\debug\encryption.obj
c:\users\chaosruler\desktop\shit\makemecompile\debug\makemecompilemain.obj
c:\users\chaosruler\desktop\shit\makemecompile\debug\makemecompile.tlog\cl.command.1.tlog
c:\users\chaosruler\desktop\shit\makemecompile\debug\makemecompile.tlog\cl.read.1.tlog
c:\users\chaosruler\desktop\shit\makemecompile\debug\makemecompile.tlog\cl.write.1.tlog
c:\users\chaosruler\desktop\shit\makemecompile\debug\makemecompile.tlog\link.14136.read.1.tlog
c:\users\chaosruler\desktop\shit\makemecompile\debug\makemecompile.tlog\link.14136.write.1.tlog
c:\users\chaosruler\desktop\shit\makemecompile\debug\makemecompile.tlog\link.56508.read.1.tlog
c:\users\chaosruler\desktop\shit\makemecompile\debug\makemecompile.tlog\link.56508.write.1.tlog
c:\users\chaosruler\desktop\shit\makemecompile\debug\makemecompile.tlog\link.57840.read.1.tlog
c:\users\chaosruler\desktop\shit\makemecompile\debug\makemecompile.tlog\link.57840.write.1.tlog
c:\users\chaosruler\desktop\shit\makemecompile\debug\makemecompile.tlog\link.59404.read.1.tlog
c:\users\chaosruler\desktop\shit\makemecompile\debug\makemecompile.tlog\link.59404.write.1.tlog
c:\users\chaosruler\desktop\shit\makemecompile\debug\makemecompile.tlog\link.60616.read.1.tlog
c:\users\chaosruler\desktop\shit\makemecompile\debug\makemecompile.tlog\link.60616.write.1.tlog
c:\users\chaosruler\desktop\shit\makemecompile\debug\makemecompile.tlog\link.61392.read.1.tlog
c:\users\chaosruler\desktop\shit\makemecompile\debug\makemecompile.tlog\link.61392.write.1.tlog
c:\users\chaosruler\desktop\shit\makemecompile\debug\makemecompile.tlog\link.61400.read.1.tlog
c:\users\chaosruler\desktop\shit\makemecompile\debug\makemecompile.tlog\link.61400.write.1.tlog
c:\users\chaosruler\desktop\shit\makemecompile\debug\makemecompile.tlog\link.61444.read.1.tlog
c:\users\chaosruler\desktop\shit\makemecompile\debug\makemecompile.tlog\link.61444.write.1.tlog
c:\users\chaosruler\desktop\shit\makemecompile\debug\makemecompile.tlog\link.61512.read.1.tlog
c:\users\chaosruler\desktop\shit\makemecompile\debug\makemecompile.tlog\link.61512.write.1.tlog
c:\users\chaosruler\desktop\shit\makemecompile\debug\makemecompile.tlog\link.command.1.tlog
c:\users\chaosruler\desktop\shit\makemecompile\debug\makemecompile.tlog\link.read.1.tlog
c:\users\chaosruler\desktop\shit\makemecompile\debug\makemecompile.tlog\link.write.1.tlog
